# JRE version: Java(TM) SE Runtime Environment (8.0_91-b15) (build 1.8.0_91-b15)
# Java VM: Java HotSpot(TM) 64-Bit Server VM (25.91-b15 mixed mode windows-amd64 compressed oops)
Heap:
 PSYoungGen      total 2529792K, used 795494K [0x0000000715580000, 0x00000007bdf80000, 0x00000007c0000000)
  eden space 2331648K, 29% used [0x0000000715580000,0x000000073f7269b0,0x00000007a3a80000)
  from space 198144K, 53% used [0x00000007b1e00000,0x00000007b8532fa8,0x00000007bdf80000)
  to   space 215552K, 0% used [0x00000007a3a80000,0x00000007a3a80000,0x00000007b0d00000)
 ParOldGen       total 3153920K, used 727844K [0x00000005c0000000, 0x0000000680800000, 0x0000000715580000)
  object space 3153920K, 23% used [0x00000005c0000000,0x00000005ec6c93a8,0x0000000680800000)
 Metaspace       used 213406K, capacity 215377K, committed 216232K, reserved 1232896K
  class space    used 31567K, capacity 32140K, committed 32176K, reserved 1048576K
GC Heap History (10 events):
Event: 382.694 GC heap before
{Heap before GC invocations=54 (full 8):
 PSYoungGen      total 2439168K, used 2252346K [0x0000000715580000, 0x00000007bf380000, 0x00000007c0000000)
  eden space 2141184K, 99% used [0x0000000715580000,0x0000000798079358,0x0000000798080000)
  from space 297984K, 37% used [0x0000000798080000,0x000000079ed15840,0x00000007aa380000)
  to   space 280064K, 0% used [0x00000007ae200000,0x00000007ae200000,0x00000007bf380000)
 ParOldGen       total 3153920K, used 727804K [0x00000005c0000000, 0x0000000680800000, 0x0000000715580000)
  object space 3153920K, 23% used [0x00000005c0000000,0x00000005ec6bf3a8,0x0000000680800000)
 Metaspace       used 212377K, capacity 214361K, committed 215464K, reserved 1232896K
  class space    used 31523K, capacity 32104K, committed 32176K, reserved 1048576K
Event: 382.735 GC heap after
Heap after GC invocations=54 (full 8):
 PSYoungGen      total 2463232K, used 104969K [0x0000000715580000, 0x00000007bd180000, 0x00000007c0000000)
  eden space 2217984K, 0% used [0x0000000715580000,0x0000000715580000,0x000000079cb80000)
  from space 245248K, 42% used [0x00000007ae200000,0x00000007b4882508,0x00000007bd180000)
  to   space 265216K, 0% used [0x000000079cb80000,0x000000079cb80000,0x00000007ace80000)
 ParOldGen       total 3153920K, used 727812K [0x00000005c0000000, 0x0000000680800000, 0x0000000715580000)
  object space 3153920K, 23% used [0x00000005c0000000,0x00000005ec6c13a8,0x0000000680800000)
 Metaspace       used 212377K, capacity 214361K, committed 215464K, reserved 1232896K
  class space    used 31523K, capacity 32104K, committed 32176K, reserved 1048576K
}
Event: 408.351 GC heap before
{Heap before GC invocations=55 (full 8):
 PSYoungGen      total 2463232K, used 2322953K [0x0000000715580000, 0x00000007bd180000, 0x00000007c0000000)
  eden space 2217984K, 100% used [0x0000000715580000,0x000000079cb80000,0x000000079cb80000)
  from space 245248K, 42% used [0x00000007ae200000,0x00000007b4882508,0x00000007bd180000)
  to   space 265216K, 0% used [0x000000079cb80000,0x000000079cb80000,0x00000007ace80000)
 ParOldGen       total 3153920K, used 727812K [0x00000005c0000000, 0x0000000680800000, 0x0000000715580000)
  object space 3153920K, 23% used [0x00000005c0000000,0x00000005ec6c13a8,0x0000000680800000)
 Metaspace       used 212712K, capacity 214681K, committed 215720K, reserved 1232896K
  class space    used 31530K, capacity 32104K, committed 32176K, reserved 1048576K
Event: 408.391 GC heap after
Heap after GC invocations=55 (full 8):
 PSYoungGen      total 2483200K, used 105668K [0x0000000715580000, 0x00000007bf780000, 0x00000007c0000000)
  eden space 2217984K, 0% used [0x0000000715580000,0x0000000715580000,0x000000079cb80000)
  from space 265216K, 39% used [0x000000079cb80000,0x00000007a32b1098,0x00000007ace80000)
  to   space 250880K, 0% used [0x00000007b0280000,0x00000007b0280000,0x00000007bf780000)
 ParOldGen       total 3153920K, used 727820K [0x00000005c0000000, 0x0000000680800000, 0x0000000715580000)
  object space 3153920K, 23% used [0x00000005c0000000,0x00000005ec6c33a8,0x0000000680800000)
 Metaspace       used 212712K, capacity 214681K, committed 215720K, reserved 1232896K
  class space    used 31530K, capacity 32104K, committed 32176K, reserved 1048576K
}
Event: 438.057 GC heap before
{Heap before GC invocations=56 (full 8):
 PSYoungGen      total 2483200K, used 2323652K [0x0000000715580000, 0x00000007bf780000, 0x00000007c0000000)
  eden space 2217984K, 100% used [0x0000000715580000,0x000000079cb80000,0x000000079cb80000)
  from space 265216K, 39% used [0x000000079cb80000,0x00000007a32b1098,0x00000007ace80000)
  to   space 250880K, 0% used [0x00000007b0280000,0x00000007b0280000,0x00000007bf780000)
 ParOldGen       total 3153920K, used 727820K [0x00000005c0000000, 0x0000000680800000, 0x0000000715580000)
  object space 3153920K, 23% used [0x00000005c0000000,0x00000005ec6c33a8,0x0000000680800000)
 Metaspace       used 212909K, capacity 214873K, committed 215976K, reserved 1232896K
  class space    used 31537K, capacity 32104K, committed 32176K, reserved 1048576K
Event: 438.106 GC heap after
Heap after GC invocations=56 (full 8):
 PSYoungGen      total 2499584K, used 105471K [0x0000000715580000, 0x00000007bd900000, 0x00000007c0000000)
  eden space 2279936K, 0% used [0x0000000715580000,0x0000000715580000,0x00000007a0800000)
  from space 219648K, 48% used [0x00000007b0280000,0x00000007b697ffa0,0x00000007bd900000)
  to   space 238080K, 0% used [0x00000007a0800000,0x00000007a0800000,0x00000007af080000)
 ParOldGen       total 3153920K, used 727828K [0x00000005c0000000, 0x0000000680800000, 0x0000000715580000)
  object space 3153920K, 23% used [0x00000005c0000000,0x00000005ec6c53a8,0x0000000680800000)
 Metaspace       used 212909K, capacity 214873K, committed 215976K, reserved 1232896K
  class space    used 31537K, capacity 32104K, committed 32176K, reserved 1048576K
}
Event: 461.186 GC heap before
{Heap before GC invocations=57 (full 8):
 PSYoungGen      total 2499584K, used 2385407K [0x0000000715580000, 0x00000007bd900000, 0x00000007c0000000)
  eden space 2279936K, 100% used [0x0000000715580000,0x00000007a0800000,0x00000007a0800000)
  from space 219648K, 48% used [0x00000007b0280000,0x00000007b697ffa0,0x00000007bd900000)
  to   space 238080K, 0% used [0x00000007a0800000,0x00000007a0800000,0x00000007af080000)
 ParOldGen       total 3153920K, used 727828K [0x00000005c0000000, 0x0000000680800000, 0x0000000715580000)
  object space 3153920K, 23% used [0x00000005c0000000,0x00000005ec6c53a8,0x0000000680800000)
 Metaspace       used 213018K, capacity 215007K, committed 215976K, reserved 1232896K
  class space    used 31542K, capacity 32105K, committed 32176K, reserved 1048576K
Event: 461.228 GC heap after
Heap after GC invocations=57 (full 8):
 PSYoungGen      total 2518016K, used 105687K [0x0000000715580000, 0x00000007bfb00000, 0x00000007c0000000)
  eden space 2279936K, 0% used [0x0000000715580000,0x0000000715580000,0x00000007a0800000)
  from space 238080K, 44% used [0x00000007a0800000,0x00000007a6f35e88,0x00000007af080000)
  to   space 226304K, 0% used [0x00000007b1e00000,0x00000007b1e00000,0x00000007bfb00000)
 ParOldGen       total 3153920K, used 727836K [0x00000005c0000000, 0x0000000680800000, 0x0000000715580000)
  object space 3153920K, 23% used [0x00000005c0000000,0x00000005ec6c73a8,0x0000000680800000)
 Metaspace       used 213018K, capacity 215007K, committed 215976K, reserved 1232896K
  class space    used 31542K, capacity 32105K, committed 32176K, reserved 1048576K
}
Event: 483.055 GC heap before
{Heap before GC invocations=58 (full 8):
 PSYoungGen      total 2518016K, used 2385623K [0x0000000715580000, 0x00000007bfb00000, 0x00000007c0000000)
  eden space 2279936K, 100% used [0x0000000715580000,0x00000007a0800000,0x00000007a0800000)
  from space 238080K, 44% used [0x00000007a0800000,0x00000007a6f35e88,0x00000007af080000)
  to   space 226304K, 0% used [0x00000007b1e00000,0x00000007b1e00000,0x00000007bfb00000)
 ParOldGen       total 3153920K, used 727836K [0x00000005c0000000, 0x0000000680800000, 0x0000000715580000)
  object space 3153920K, 23% used [0x00000005c0000000,0x00000005ec6c73a8,0x0000000680800000)
 Metaspace       used 213232K, capacity 215249K, committed 216232K, reserved 1232896K
  class space    used 31548K, capacity 32140K, committed 32176K, reserved 1048576K
Event: 483.097 GC heap after
Heap after GC invocations=58 (full 8):
 PSYoungGen      total 2529792K, used 105675K [0x0000000715580000, 0x00000007bdf80000, 0x00000007c0000000)
  eden space 2331648K, 0% used [0x0000000715580000,0x0000000715580000,0x00000007a3a80000)
  from space 198144K, 53% used [0x00000007b1e00000,0x00000007b8532fa8,0x00000007bdf80000)
  to   space 215552K, 0% used [0x00000007a3a80000,0x00000007a3a80000,0x00000007b0d00000)
 ParOldGen       total 3153920K, used 727844K [0x00000005c0000000, 0x0000000680800000, 0x0000000715580000)
  object space 3153920K, 23% used [0x00000005c0000000,0x00000005ec6c93a8,0x0000000680800000)
 Metaspace       used 213232K, capacity 215249K, committed 216232K, reserved 1232896K
  class space    used 31548K, capacity 32140K, committed 32176K, reserved 1048576K
}

