# JRE version: Java(TM) SE Runtime Environment (8.0_91-b15) (build 1.8.0_91-b15)
# Java VM: Java HotSpot(TM) 64-Bit Server VM (25.91-b15 mixed mode windows-amd64 compressed oops)
Heap:
 PSYoungGen      total 824320K, used 89063K [0x0000000715580000, 0x000000074a480000, 0x00000007c0000000)
  eden space 806912K, 8% used [0x0000000715580000,0x0000000719b90f28,0x0000000746980000)
  from space 17408K, 99% used [0x0000000747400000,0x00000007484e8d60,0x0000000748500000)
  to   space 30208K, 0% used [0x0000000748700000,0x0000000748700000,0x000000074a480000)
 ParOldGen       total 2956288K, used 838939K [0x00000005c0000000, 0x0000000674700000, 0x0000000715580000)
  object space 2956288K, 28% used [0x00000005c0000000,0x00000005f3346c30,0x0000000674700000)
 Metaspace       used 216642K, capacity 219339K, committed 219816K, reserved 1236992K
  class space    used 31791K, capacity 32404K, committed 32432K, reserved 1048576K
GC Heap History (10 events):
Event: 1938.359 GC heap before
{Heap before GC invocations=113 (full 8):
 PSYoungGen      total 877056K, used 867601K [0x0000000715580000, 0x000000074d600000, 0x00000007c0000000)
  eden space 862720K, 100% used [0x0000000715580000,0x000000074a000000,0x000000074a000000)
  from space 14336K, 34% used [0x000000074c800000,0x000000074ccc4750,0x000000074d600000)
  to   space 27648K, 0% used [0x000000074a000000,0x000000074a000000,0x000000074bb00000)
 ParOldGen       total 2956288K, used 838639K [0x00000005c0000000, 0x0000000674700000, 0x0000000715580000)
  object space 2956288K, 28% used [0x00000005c0000000,0x00000005f32fbc00,0x0000000674700000)
 Metaspace       used 216518K, capacity 219211K, committed 219816K, reserved 1236992K
  class space    used 31789K, capacity 32404K, committed 32432K, reserved 1048576K
Event: 1938.369 GC heap after
Heap after GC invocations=113 (full 8):
 PSYoungGen      total 855552K, used 4535K [0x0000000715580000, 0x000000074c880000, 0x00000007c0000000)
  eden space 850944K, 0% used [0x0000000715580000,0x0000000715580000,0x0000000749480000)
  from space 4608K, 98% used [0x000000074a000000,0x000000074a46dfa8,0x000000074a480000)
  to   space 26112K, 0% used [0x000000074af00000,0x000000074af00000,0x000000074c880000)
 ParOldGen       total 2956288K, used 838671K [0x00000005c0000000, 0x0000000674700000, 0x0000000715580000)
  object space 2956288K, 28% used [0x00000005c0000000,0x00000005f3303c00,0x0000000674700000)
 Metaspace       used 216518K, capacity 219211K, committed 219816K, reserved 1236992K
  class space    used 31789K, capacity 32404K, committed 32432K, reserved 1048576K
}
Event: 1946.819 GC heap before
{Heap before GC invocations=114 (full 8):
 PSYoungGen      total 855552K, used 855479K [0x0000000715580000, 0x000000074c880000, 0x00000007c0000000)
  eden space 850944K, 100% used [0x0000000715580000,0x0000000749480000,0x0000000749480000)
  from space 4608K, 98% used [0x000000074a000000,0x000000074a46dfa8,0x000000074a480000)
  to   space 26112K, 0% used [0x000000074af00000,0x000000074af00000,0x000000074c880000)
 ParOldGen       total 2956288K, used 838671K [0x00000005c0000000, 0x0000000674700000, 0x0000000715580000)
  object space 2956288K, 28% used [0x00000005c0000000,0x00000005f3303c00,0x0000000674700000)
 Metaspace       used 216523K, capacity 219211K, committed 219816K, reserved 1236992K
  class space    used 31789K, capacity 32404K, committed 32432K, reserved 1048576K
Event: 1946.843 GC heap after
Heap after GC invocations=114 (full 8):
 PSYoungGen      total 856576K, used 15940K [0x0000000715580000, 0x000000074bf80000, 0x00000007c0000000)
  eden space 839680K, 0% used [0x0000000715580000,0x0000000715580000,0x0000000748980000)
  from space 16896K, 94% used [0x000000074af00000,0x000000074be91298,0x000000074bf80000)
  to   space 27648K, 0% used [0x0000000748980000,0x0000000748980000,0x000000074a480000)
 ParOldGen       total 2956288K, used 838711K [0x00000005c0000000, 0x0000000674700000, 0x0000000715580000)
  object space 2956288K, 28% used [0x00000005c0000000,0x00000005f330dc00,0x0000000674700000)
 Metaspace       used 216523K, capacity 219211K, committed 219816K, reserved 1236992K
  class space    used 31789K, capacity 32404K, committed 32432K, reserved 1048576K
}
Event: 1951.216 GC heap before
{Heap before GC invocations=115 (full 8):
 PSYoungGen      total 856576K, used 855620K [0x0000000715580000, 0x000000074bf80000, 0x00000007c0000000)
  eden space 839680K, 100% used [0x0000000715580000,0x0000000748980000,0x0000000748980000)
  from space 16896K, 94% used [0x000000074af00000,0x000000074be91298,0x000000074bf80000)
  to   space 27648K, 0% used [0x0000000748980000,0x0000000748980000,0x000000074a480000)
 ParOldGen       total 2956288K, used 838711K [0x00000005c0000000, 0x0000000674700000, 0x0000000715580000)
  object space 2956288K, 28% used [0x00000005c0000000,0x00000005f330dc00,0x0000000674700000)
 Metaspace       used 216550K, capacity 219211K, committed 219816K, reserved 1236992K
  class space    used 31789K, capacity 32404K, committed 32432K, reserved 1048576K
Event: 1951.234 GC heap after
Heap after GC invocations=115 (full 8):
 PSYoungGen      total 845824K, used 17255K [0x0000000715580000, 0x000000074b780000, 0x00000007c0000000)
  eden space 828416K, 0% used [0x0000000715580000,0x0000000715580000,0x0000000747e80000)
  from space 17408K, 99% used [0x0000000748980000,0x0000000749a59cc8,0x0000000749a80000)
  to   space 29184K, 0% used [0x0000000749b00000,0x0000000749b00000,0x000000074b780000)
 ParOldGen       total 2956288K, used 838727K [0x00000005c0000000, 0x0000000674700000, 0x0000000715580000)
  object space 2956288K, 28% used [0x00000005c0000000,0x00000005f3311c00,0x0000000674700000)
 Metaspace       used 216550K, capacity 219211K, committed 219816K, reserved 1236992K
  class space    used 31789K, capacity 32404K, committed 32432K, reserved 1048576K
}
Event: 1957.468 GC heap before
{Heap before GC invocations=116 (full 8):
 PSYoungGen      total 845824K, used 845671K [0x0000000715580000, 0x000000074b780000, 0x00000007c0000000)
  eden space 828416K, 100% used [0x0000000715580000,0x0000000747e80000,0x0000000747e80000)
  from space 17408K, 99% used [0x0000000748980000,0x0000000749a59cc8,0x0000000749a80000)
  to   space 29184K, 0% used [0x0000000749b00000,0x0000000749b00000,0x000000074b780000)
 ParOldGen       total 2956288K, used 838727K [0x00000005c0000000, 0x0000000674700000, 0x0000000715580000)
  object space 2956288K, 28% used [0x00000005c0000000,0x00000005f3311c00,0x0000000674700000)
 Metaspace       used 216582K, capacity 219275K, committed 219816K, reserved 1236992K
  class space    used 31789K, capacity 32404K, committed 32432K, reserved 1048576K
Event: 1957.485 GC heap after
Heap after GC invocations=116 (full 8):
 PSYoungGen      total 837120K, used 15902K [0x0000000715580000, 0x000000074ae00000, 0x00000007c0000000)
  eden space 817664K, 0% used [0x0000000715580000,0x0000000715580000,0x0000000747400000)
  from space 19456K, 81% used [0x0000000749b00000,0x000000074aa879a8,0x000000074ae00000)
  to   space 29696K, 0% used [0x0000000747400000,0x0000000747400000,0x0000000749100000)
 ParOldGen       total 2956288K, used 838891K [0x00000005c0000000, 0x0000000674700000, 0x0000000715580000)
  object space 2956288K, 28% used [0x00000005c0000000,0x00000005f333ac30,0x0000000674700000)
 Metaspace       used 216582K, capacity 219275K, committed 219816K, reserved 1236992K
  class space    used 31789K, capacity 32404K, committed 32432K, reserved 1048576K
}
Event: 1970.284 GC heap before
{Heap before GC invocations=117 (full 8):
 PSYoungGen      total 837120K, used 833566K [0x0000000715580000, 0x000000074ae00000, 0x00000007c0000000)
  eden space 817664K, 100% used [0x0000000715580000,0x0000000747400000,0x0000000747400000)
  from space 19456K, 81% used [0x0000000749b00000,0x000000074aa879a8,0x000000074ae00000)
  to   space 29696K, 0% used [0x0000000747400000,0x0000000747400000,0x0000000749100000)
 ParOldGen       total 2956288K, used 838891K [0x00000005c0000000, 0x0000000674700000, 0x0000000715580000)
  object space 2956288K, 28% used [0x00000005c0000000,0x00000005f333ac30,0x0000000674700000)
 Metaspace       used 216626K, capacity 219339K, committed 219816K, reserved 1236992K
  class space    used 31790K, capacity 32404K, committed 32432K, reserved 1048576K
Event: 1970.300 GC heap after
Heap after GC invocations=117 (full 8):
 PSYoungGen      total 824320K, used 17315K [0x0000000715580000, 0x000000074a480000, 0x00000007c0000000)
  eden space 806912K, 0% used [0x0000000715580000,0x0000000715580000,0x0000000746980000)
  from space 17408K, 99% used [0x0000000747400000,0x00000007484e8d60,0x0000000748500000)
  to   space 30208K, 0% used [0x0000000748700000,0x0000000748700000,0x000000074a480000)
 ParOldGen       total 2956288K, used 838939K [0x00000005c0000000, 0x0000000674700000, 0x0000000715580000)
  object space 2956288K, 28% used [0x00000005c0000000,0x00000005f3346c30,0x0000000674700000)
 Metaspace       used 216626K, capacity 219339K, committed 219816K, reserved 1236992K
  class space    used 31790K, capacity 32404K, committed 32432K, reserved 1048576K
}

