# JRE version: Java(TM) SE Runtime Environment (8.0_91-b15) (build 1.8.0_91-b15)
# Java VM: Java HotSpot(TM) 64-Bit Server VM (25.91-b15 mixed mode windows-amd64 compressed oops)
Heap:
 PSYoungGen      total 675328K, used 27507K [0x0000000715580000, 0x0000000742700000, 0x00000007c0000000)
  eden space 651776K, 1% used [0x0000000715580000,0x0000000715d7a8f8,0x000000073d200000)
  from space 23552K, 82% used [0x000000073d200000,0x000000073e4e2478,0x000000073e900000)
  to   space 23552K, 0% used [0x0000000741000000,0x0000000741000000,0x0000000742700000)
 ParOldGen       total 3407360K, used 1361528K [0x00000005c0000000, 0x000000068ff80000, 0x0000000715580000)
  object space 3407360K, 39% used [0x00000005c0000000,0x000000061319e278,0x000000068ff80000)
 Metaspace       used 221537K, capacity 224129K, committed 224332K, reserved 1241088K
  class space    used 32058K, capacity 32719K, committed 32844K, reserved 1048576K
GC Heap History (10 events):
Event: 3551.333 GC heap before
{Heap before GC invocations=243 (full 8):
 PSYoungGen      total 674304K, used 670779K [0x0000000715580000, 0x0000000740000000, 0x00000007c0000000)
  eden space 650752K, 100% used [0x0000000715580000,0x000000073d100000,0x000000073d100000)
  from space 23552K, 85% used [0x000000073e900000,0x000000073fc8ee38,0x0000000740000000)
  to   space 24064K, 0% used [0x000000073d100000,0x000000073d100000,0x000000073e880000)
 ParOldGen       total 3407360K, used 919030K [0x00000005c0000000, 0x000000068ff80000, 0x0000000715580000)
  object space 3407360K, 26% used [0x00000005c0000000,0x00000005f817d960,0x000000068ff80000)
 Metaspace       used 221459K, capacity 224053K, committed 224332K, reserved 1241088K
  class space    used 32047K, capacity 32717K, committed 32844K, reserved 1048576K
Event: 3551.351 GC heap after
Heap after GC invocations=243 (full 8):
 PSYoungGen      total 674816K, used 17660K [0x0000000715580000, 0x0000000740000000, 0x00000007c0000000)
  eden space 650752K, 0% used [0x0000000715580000,0x0000000715580000,0x000000073d100000)
  from space 24064K, 73% used [0x000000073d100000,0x000000073e23f300,0x000000073e880000)
  to   space 23040K, 0% used [0x000000073e980000,0x000000073e980000,0x0000000740000000)
 ParOldGen       total 3407360K, used 919062K [0x00000005c0000000, 0x000000068ff80000, 0x0000000715580000)
  object space 3407360K, 26% used [0x00000005c0000000,0x00000005f8185960,0x000000068ff80000)
 Metaspace       used 221459K, capacity 224053K, committed 224332K, reserved 1241088K
  class space    used 32047K, capacity 32717K, committed 32844K, reserved 1048576K
}
Event: 3555.644 GC heap before
{Heap before GC invocations=244 (full 8):
 PSYoungGen      total 674816K, used 668412K [0x0000000715580000, 0x0000000740000000, 0x00000007c0000000)
  eden space 650752K, 100% used [0x0000000715580000,0x000000073d100000,0x000000073d100000)
  from space 24064K, 73% used [0x000000073d100000,0x000000073e23f300,0x000000073e880000)
  to   space 23040K, 0% used [0x000000073e980000,0x000000073e980000,0x0000000740000000)
 ParOldGen       total 3407360K, used 919062K [0x00000005c0000000, 0x000000068ff80000, 0x0000000715580000)
  object space 3407360K, 26% used [0x00000005c0000000,0x00000005f8185960,0x000000068ff80000)
 Metaspace       used 221477K, capacity 224065K, committed 224332K, reserved 1241088K
  class space    used 32048K, capacity 32719K, committed 32844K, reserved 1048576K
Event: 3555.662 GC heap after
Heap after GC invocations=244 (full 8):
 PSYoungGen      total 675840K, used 18893K [0x0000000715580000, 0x0000000740000000, 0x00000007c0000000)
  eden space 652800K, 0% used [0x0000000715580000,0x0000000715580000,0x000000073d300000)
  from space 23040K, 82% used [0x000000073e980000,0x000000073fbf34b0,0x0000000740000000)
  to   space 23040K, 0% used [0x000000073d300000,0x000000073d300000,0x000000073e980000)
 ParOldGen       total 3407360K, used 919094K [0x00000005c0000000, 0x000000068ff80000, 0x0000000715580000)
  object space 3407360K, 26% used [0x00000005c0000000,0x00000005f818d960,0x000000068ff80000)
 Metaspace       used 221477K, capacity 224065K, committed 224332K, reserved 1241088K
  class space    used 32048K, capacity 32719K, committed 32844K, reserved 1048576K
}
Event: 3564.826 GC heap before
{Heap before GC invocations=245 (full 8):
 PSYoungGen      total 675840K, used 671693K [0x0000000715580000, 0x0000000740000000, 0x00000007c0000000)
  eden space 652800K, 100% used [0x0000000715580000,0x000000073d300000,0x000000073d300000)
  from space 23040K, 82% used [0x000000073e980000,0x000000073fbf34b0,0x0000000740000000)
  to   space 23040K, 0% used [0x000000073d300000,0x000000073d300000,0x000000073e980000)
 ParOldGen       total 3407360K, used 919094K [0x00000005c0000000, 0x000000068ff80000, 0x0000000715580000)
  object space 3407360K, 26% used [0x00000005c0000000,0x00000005f818d960,0x000000068ff80000)
 Metaspace       used 221479K, capacity 224065K, committed 224332K, reserved 1241088K
  class space    used 32048K, capacity 32719K, committed 32844K, reserved 1048576K
Event: 3564.845 GC heap after
Heap after GC invocations=245 (full 8):
 PSYoungGen      total 675840K, used 18476K [0x0000000715580000, 0x0000000740000000, 0x00000007c0000000)
  eden space 652800K, 0% used [0x0000000715580000,0x0000000715580000,0x000000073d300000)
  from space 23040K, 80% used [0x000000073d300000,0x000000073e50b318,0x000000073e980000)
  to   space 23040K, 0% used [0x000000073e980000,0x000000073e980000,0x0000000740000000)
 ParOldGen       total 3407360K, used 919110K [0x00000005c0000000, 0x000000068ff80000, 0x0000000715580000)
  object space 3407360K, 26% used [0x00000005c0000000,0x00000005f8191960,0x000000068ff80000)
 Metaspace       used 221479K, capacity 224065K, committed 224332K, reserved 1241088K
  class space    used 32048K, capacity 32719K, committed 32844K, reserved 1048576K
}
Event: 3568.783 GC heap before
{Heap before GC invocations=246 (full 8):
 PSYoungGen      total 675840K, used 656360K [0x0000000715580000, 0x0000000740000000, 0x00000007c0000000)
  eden space 652800K, 97% used [0x0000000715580000,0x000000073c46edd0,0x000000073d300000)
  from space 23040K, 80% used [0x000000073d300000,0x000000073e50b318,0x000000073e980000)
  to   space 23040K, 0% used [0x000000073e980000,0x000000073e980000,0x0000000740000000)
 ParOldGen       total 3407360K, used 935494K [0x00000005c0000000, 0x000000068ff80000, 0x0000000715580000)
  object space 3407360K, 27% used [0x00000005c0000000,0x00000005f9191970,0x000000068ff80000)
 Metaspace       used 221483K, capacity 224065K, committed 224332K, reserved 1241088K
  class space    used 32049K, capacity 32719K, committed 32844K, reserved 1048576K
Event: 3568.801 GC heap after
Heap after GC invocations=246 (full 8):
 PSYoungGen      total 674816K, used 21784K [0x0000000715580000, 0x0000000740000000, 0x00000007c0000000)
  eden space 651776K, 0% used [0x0000000715580000,0x0000000715580000,0x000000073d200000)
  from space 23040K, 94% used [0x000000073e980000,0x000000073fec60b8,0x0000000740000000)
  to   space 23552K, 0% used [0x000000073d200000,0x000000073d200000,0x000000073e900000)
 ParOldGen       total 3407360K, used 935510K [0x00000005c0000000, 0x000000068ff80000, 0x0000000715580000)
  object space 3407360K, 27% used [0x00000005c0000000,0x00000005f9195970,0x000000068ff80000)
 Metaspace       used 221483K, capacity 224065K, committed 224332K, reserved 1241088K
  class space    used 32049K, capacity 32719K, committed 32844K, reserved 1048576K
}
Event: 3569.277 GC heap before
{Heap before GC invocations=247 (full 8):
 PSYoungGen      total 674816K, used 673560K [0x0000000715580000, 0x0000000740000000, 0x00000007c0000000)
  eden space 651776K, 100% used [0x0000000715580000,0x000000073d200000,0x000000073d200000)
  from space 23040K, 94% used [0x000000073e980000,0x000000073fec60b8,0x0000000740000000)
  to   space 23552K, 0% used [0x000000073d200000,0x000000073d200000,0x000000073e900000)
 ParOldGen       total 3407360K, used 1361512K [0x00000005c0000000, 0x000000068ff80000, 0x0000000715580000)
  object space 3407360K, 39% used [0x00000005c0000000,0x000000061319a278,0x000000068ff80000)
 Metaspace       used 221522K, capacity 224129K, committed 224332K, reserved 1241088K
  class space    used 32057K, capacity 32719K, committed 32844K, reserved 1048576K
Event: 3569.292 GC heap after
Heap after GC invocations=247 (full 8):
 PSYoungGen      total 675328K, used 19337K [0x0000000715580000, 0x0000000742700000, 0x00000007c0000000)
  eden space 651776K, 0% used [0x0000000715580000,0x0000000715580000,0x000000073d200000)
  from space 23552K, 82% used [0x000000073d200000,0x000000073e4e2478,0x000000073e900000)
  to   space 23552K, 0% used [0x0000000741000000,0x0000000741000000,0x0000000742700000)
 ParOldGen       total 3407360K, used 1361528K [0x00000005c0000000, 0x000000068ff80000, 0x0000000715580000)
  object space 3407360K, 39% used [0x00000005c0000000,0x000000061319e278,0x000000068ff80000)
 Metaspace       used 221522K, capacity 224129K, committed 224332K, reserved 1241088K
  class space    used 32057K, capacity 32719K, committed 32844K, reserved 1048576K
}

