# JRE version: Java(TM) SE Runtime Environment (8.0_91-b15) (build 1.8.0_91-b15)
# Java VM: Java HotSpot(TM) 64-Bit Server VM (25.91-b15 mixed mode windows-amd64 compressed oops)
Heap:
 PSYoungGen      total 1413632K, used 319989K [0x0000000715580000, 0x0000000772400000, 0x00000007c0000000)
  eden space 1359360K, 22% used [0x0000000715580000,0x0000000727ccae60,0x0000000768500000)
  from space 54272K, 32% used [0x000000076ef00000,0x00000007700327a8,0x0000000772400000)
  to   space 81408K, 0% used [0x0000000768500000,0x0000000768500000,0x000000076d480000)
 ParOldGen       total 3373056K, used 821777K [0x00000005c0000000, 0x000000068de00000, 0x0000000715580000)
  object space 3373056K, 24% used [0x00000005c0000000,0x00000005f22847e8,0x000000068de00000)
 Metaspace       used 215055K, capacity 217053K, committed 218152K, reserved 1234944K
  class space    used 31588K, capacity 32177K, committed 32304K, reserved 1048576K
GC Heap History (10 events):
Event: 974.502 GC heap before
{Heap before GC invocations=84 (full 8):
 PSYoungGen      total 1498624K, used 1498521K [0x0000000715580000, 0x000000077ca00000, 0x00000007c0000000)
  eden space 1481216K, 100% used [0x0000000715580000,0x000000076fc00000,0x000000076fc00000)
  from space 17408K, 99% used [0x0000000771600000,0x00000007726e6798,0x0000000772700000)
  to   space 105472K, 0% used [0x0000000776300000,0x0000000776300000,0x000000077ca00000)
 ParOldGen       total 3373056K, used 820968K [0x00000005c0000000, 0x000000068de00000, 0x0000000715580000)
  object space 3373056K, 24% used [0x00000005c0000000,0x00000005f21ba258,0x000000068de00000)
 Metaspace       used 214915K, capacity 216893K, committed 217768K, reserved 1234944K
  class space    used 31586K, capacity 32145K, committed 32176K, reserved 1048576K
Event: 974.524 GC heap after
Heap after GC invocations=84 (full 8):
 PSYoungGen      total 1524224K, used 21441K [0x0000000715580000, 0x000000077a600000, 0x00000007c0000000)
  eden space 1455616K, 0% used [0x0000000715580000,0x0000000715580000,0x000000076e300000)
  from space 68608K, 31% used [0x0000000776300000,0x00000007777f07f0,0x000000077a600000)
  to   space 99840K, 0% used [0x000000076e300000,0x000000076e300000,0x0000000774480000)
 ParOldGen       total 3373056K, used 821073K [0x00000005c0000000, 0x000000068de00000, 0x0000000715580000)
  object space 3373056K, 24% used [0x00000005c0000000,0x00000005f21d47e8,0x000000068de00000)
 Metaspace       used 214915K, capacity 216893K, committed 217768K, reserved 1234944K
  class space    used 31586K, capacity 32145K, committed 32176K, reserved 1048576K
}
Event: 983.293 GC heap before
{Heap before GC invocations=85 (full 8):
 PSYoungGen      total 1524224K, used 1477057K [0x0000000715580000, 0x000000077a600000, 0x00000007c0000000)
  eden space 1455616K, 100% used [0x0000000715580000,0x000000076e300000,0x000000076e300000)
  from space 68608K, 31% used [0x0000000776300000,0x00000007777f07f0,0x000000077a600000)
  to   space 99840K, 0% used [0x000000076e300000,0x000000076e300000,0x0000000774480000)
 ParOldGen       total 3373056K, used 821073K [0x00000005c0000000, 0x000000068de00000, 0x0000000715580000)
  object space 3373056K, 24% used [0x00000005c0000000,0x00000005f21d47e8,0x000000068de00000)
 Metaspace       used 214926K, capacity 216893K, committed 217768K, reserved 1234944K
  class space    used 31586K, capacity 32145K, committed 32176K, reserved 1048576K
Event: 983.312 GC heap after
Heap after GC invocations=85 (full 8):
 PSYoungGen      total 1448448K, used 17791K [0x0000000715580000, 0x0000000778480000, 0x00000007c0000000)
  eden space 1430528K, 0% used [0x0000000715580000,0x0000000715580000,0x000000076ca80000)
  from space 17920K, 99% used [0x000000076e300000,0x000000076f45fc18,0x000000076f480000)
  to   space 95232K, 0% used [0x0000000772780000,0x0000000772780000,0x0000000778480000)
 ParOldGen       total 3373056K, used 821193K [0x00000005c0000000, 0x000000068de00000, 0x0000000715580000)
  object space 3373056K, 24% used [0x00000005c0000000,0x00000005f21f27e8,0x000000068de00000)
 Metaspace       used 214926K, capacity 216893K, committed 217768K, reserved 1234944K
  class space    used 31586K, capacity 32145K, committed 32176K, reserved 1048576K
}
Event: 998.802 GC heap before
{Heap before GC invocations=86 (full 8):
 PSYoungGen      total 1448448K, used 1448319K [0x0000000715580000, 0x0000000778480000, 0x00000007c0000000)
  eden space 1430528K, 100% used [0x0000000715580000,0x000000076ca80000,0x000000076ca80000)
  from space 17920K, 99% used [0x000000076e300000,0x000000076f45fc18,0x000000076f480000)
  to   space 95232K, 0% used [0x0000000772780000,0x0000000772780000,0x0000000778480000)
 ParOldGen       total 3373056K, used 821193K [0x00000005c0000000, 0x000000068de00000, 0x0000000715580000)
  object space 3373056K, 24% used [0x00000005c0000000,0x00000005f21f27e8,0x000000068de00000)
 Metaspace       used 214963K, capacity 216957K, committed 217768K, reserved 1234944K
  class space    used 31586K, capacity 32145K, committed 32176K, reserved 1048576K
Event: 998.821 GC heap after
Heap after GC invocations=86 (full 8):
 PSYoungGen      total 1466368K, used 19708K [0x0000000715580000, 0x0000000776280000, 0x00000007c0000000)
  eden space 1405952K, 0% used [0x0000000715580000,0x0000000715580000,0x000000076b280000)
  from space 60416K, 32% used [0x0000000772780000,0x0000000773abf268,0x0000000776280000)
  to   space 90112K, 0% used [0x000000076b280000,0x000000076b280000,0x0000000770a80000)
 ParOldGen       total 3373056K, used 821345K [0x00000005c0000000, 0x000000068de00000, 0x0000000715580000)
  object space 3373056K, 24% used [0x00000005c0000000,0x00000005f22187e8,0x000000068de00000)
 Metaspace       used 214963K, capacity 216957K, committed 217768K, reserved 1234944K
  class space    used 31586K, capacity 32145K, committed 32176K, reserved 1048576K
}
Event: 1008.356 GC heap before
{Heap before GC invocations=87 (full 8):
 PSYoungGen      total 1466368K, used 1425660K [0x0000000715580000, 0x0000000776280000, 0x00000007c0000000)
  eden space 1405952K, 100% used [0x0000000715580000,0x000000076b280000,0x000000076b280000)
  from space 60416K, 32% used [0x0000000772780000,0x0000000773abf268,0x0000000776280000)
  to   space 90112K, 0% used [0x000000076b280000,0x000000076b280000,0x0000000770a80000)
 ParOldGen       total 3373056K, used 821345K [0x00000005c0000000, 0x000000068de00000, 0x0000000715580000)
  object space 3373056K, 24% used [0x00000005c0000000,0x00000005f22187e8,0x000000068de00000)
 Metaspace       used 214985K, capacity 216957K, committed 217768K, reserved 1234944K
  class space    used 31586K, capacity 32145K, committed 32176K, reserved 1048576K
Event: 1008.376 GC heap after
Heap after GC invocations=87 (full 8):
 PSYoungGen      total 1403392K, used 20574K [0x0000000715580000, 0x0000000774280000, 0x00000007c0000000)
  eden space 1382400K, 0% used [0x0000000715580000,0x0000000715580000,0x0000000769b80000)
  from space 20992K, 98% used [0x000000076b280000,0x000000076c697a48,0x000000076c700000)
  to   space 85504K, 0% used [0x000000076ef00000,0x000000076ef00000,0x0000000774280000)
 ParOldGen       total 3373056K, used 821537K [0x00000005c0000000, 0x000000068de00000, 0x0000000715580000)
  object space 3373056K, 24% used [0x00000005c0000000,0x00000005f22487e8,0x000000068de00000)
 Metaspace       used 214985K, capacity 216957K, committed 217768K, reserved 1234944K
  class space    used 31586K, capacity 32145K, committed 32176K, reserved 1048576K
}
Event: 1012.601 GC heap before
{Heap before GC invocations=88 (full 8):
 PSYoungGen      total 1403392K, used 1402601K [0x0000000715580000, 0x0000000774280000, 0x00000007c0000000)
  eden space 1382400K, 99% used [0x0000000715580000,0x0000000769b22b18,0x0000000769b80000)
  from space 20992K, 98% used [0x000000076b280000,0x000000076c697a48,0x000000076c700000)
  to   space 85504K, 0% used [0x000000076ef00000,0x000000076ef00000,0x0000000774280000)
 ParOldGen       total 3373056K, used 821537K [0x00000005c0000000, 0x000000068de00000, 0x0000000715580000)
  object space 3373056K, 24% used [0x00000005c0000000,0x00000005f22487e8,0x000000068de00000)
 Metaspace       used 215028K, capacity 217021K, committed 218024K, reserved 1234944K
  class space    used 31587K, capacity 32145K, committed 32176K, reserved 1048576K
Event: 1012.617 GC heap after
Heap after GC invocations=88 (full 8):
 PSYoungGen      total 1413632K, used 17609K [0x0000000715580000, 0x0000000772400000, 0x00000007c0000000)
  eden space 1359360K, 0% used [0x0000000715580000,0x0000000715580000,0x0000000768500000)
  from space 54272K, 32% used [0x000000076ef00000,0x00000007700327a8,0x0000000772400000)
  to   space 81408K, 0% used [0x0000000768500000,0x0000000768500000,0x000000076d480000)
 ParOldGen       total 3373056K, used 821777K [0x00000005c0000000, 0x000000068de00000, 0x0000000715580000)
  object space 3373056K, 24% used [0x00000005c0000000,0x00000005f22847e8,0x000000068de00000)
 Metaspace       used 215028K, capacity 217021K, committed 218024K, reserved 1234944K
  class space    used 31587K, capacity 32145K, committed 32176K, reserved 1048576K
}

