# JRE version: Java(TM) SE Runtime Environment (8.0_91-b15) (build 1.8.0_91-b15)
# Java VM: Java HotSpot(TM) 64-Bit Server VM (25.91-b15 mixed mode windows-amd64 compressed oops)
Heap:
 PSYoungGen      total 658944K, used 599579K [0x0000000715580000, 0x0000000740000000, 0x00000007c0000000)
  eden space 619520K, 93% used [0x0000000715580000,0x0000000738e229d0,0x000000073b280000)
  from space 39424K, 43% used [0x000000073b280000,0x000000073c364338,0x000000073d900000)
  to   space 38912K, 0% used [0x000000073da00000,0x000000073da00000,0x0000000740000000)
 ParOldGen       total 2930176K, used 1300963K [0x00000005c0000000, 0x0000000672d80000, 0x0000000715580000)
  object space 2930176K, 44% used [0x00000005c0000000,0x000000060f678f48,0x0000000672d80000)
 Metaspace       used 222216K, capacity 224787K, committed 224920K, reserved 1241088K
  class space    used 32183K, capacity 32849K, committed 32920K, reserved 1048576K
GC Heap History (10 events):
Event: 2923.025 GC heap before
{Heap before GC invocations=355 (full 8):
 PSYoungGen      total 656384K, used 635823K [0x0000000715580000, 0x0000000740000000, 0x00000007c0000000)
  eden space 612352K, 100% used [0x0000000715580000,0x000000073ab80000,0x000000073ab80000)
  from space 44032K, 53% used [0x000000073d500000,0x000000073ebebf48,0x0000000740000000)
  to   space 42496K, 0% used [0x000000073ab80000,0x000000073ab80000,0x000000073d500000)
 ParOldGen       total 2930176K, used 1297663K [0x00000005c0000000, 0x0000000672d80000, 0x0000000715580000)
  object space 2930176K, 44% used [0x00000005c0000000,0x000000060f33fce8,0x0000000672d80000)
 Metaspace       used 222143K, capacity 224717K, committed 224920K, reserved 1241088K
  class space    used 32180K, capacity 32848K, committed 32920K, reserved 1048576K
Event: 2923.040 GC heap after
Heap after GC invocations=355 (full 8):
 PSYoungGen      total 654848K, used 20287K [0x0000000715580000, 0x0000000740000000, 0x00000007c0000000)
  eden space 612352K, 0% used [0x0000000715580000,0x0000000715580000,0x000000073ab80000)
  from space 42496K, 47% used [0x000000073ab80000,0x000000073bf4ff80,0x000000073d500000)
  to   space 41984K, 0% used [0x000000073d700000,0x000000073d700000,0x0000000740000000)
 ParOldGen       total 2930176K, used 1299075K [0x00000005c0000000, 0x0000000672d80000, 0x0000000715580000)
  object space 2930176K, 44% used [0x00000005c0000000,0x000000060f4a0f18,0x0000000672d80000)
 Metaspace       used 222143K, capacity 224717K, committed 224920K, reserved 1241088K
  class space    used 32180K, capacity 32848K, committed 32920K, reserved 1048576K
}
Event: 2926.363 GC heap before
{Heap before GC invocations=356 (full 8):
 PSYoungGen      total 654848K, used 632639K [0x0000000715580000, 0x0000000740000000, 0x00000007c0000000)
  eden space 612352K, 100% used [0x0000000715580000,0x000000073ab80000,0x000000073ab80000)
  from space 42496K, 47% used [0x000000073ab80000,0x000000073bf4ff80,0x000000073d500000)
  to   space 41984K, 0% used [0x000000073d700000,0x000000073d700000,0x0000000740000000)
 ParOldGen       total 2930176K, used 1299075K [0x00000005c0000000, 0x0000000672d80000, 0x0000000715580000)
  object space 2930176K, 44% used [0x00000005c0000000,0x000000060f4a0f18,0x0000000672d80000)
 Metaspace       used 222159K, capacity 224717K, committed 224920K, reserved 1241088K
  class space    used 32180K, capacity 32848K, committed 32920K, reserved 1048576K
Event: 2926.377 GC heap after
Heap after GC invocations=356 (full 8):
 PSYoungGen      total 657408K, used 19662K [0x0000000715580000, 0x0000000740000000, 0x00000007c0000000)
  eden space 615424K, 0% used [0x0000000715580000,0x0000000715580000,0x000000073ae80000)
  from space 41984K, 46% used [0x000000073d700000,0x000000073ea33998,0x0000000740000000)
  to   space 41472K, 0% used [0x000000073ae80000,0x000000073ae80000,0x000000073d700000)
 ParOldGen       total 2930176K, used 1299469K [0x00000005c0000000, 0x0000000672d80000, 0x0000000715580000)
  object space 2930176K, 44% used [0x00000005c0000000,0x000000060f503440,0x0000000672d80000)
 Metaspace       used 222159K, capacity 224717K, committed 224920K, reserved 1241088K
  class space    used 32180K, capacity 32848K, committed 32920K, reserved 1048576K
}
Event: 2927.915 GC heap before
{Heap before GC invocations=357 (full 8):
 PSYoungGen      total 657408K, used 635086K [0x0000000715580000, 0x0000000740000000, 0x00000007c0000000)
  eden space 615424K, 100% used [0x0000000715580000,0x000000073ae80000,0x000000073ae80000)
  from space 41984K, 46% used [0x000000073d700000,0x000000073ea33998,0x0000000740000000)
  to   space 41472K, 0% used [0x000000073ae80000,0x000000073ae80000,0x000000073d700000)
 ParOldGen       total 2930176K, used 1299469K [0x00000005c0000000, 0x0000000672d80000, 0x0000000715580000)
  object space 2930176K, 44% used [0x00000005c0000000,0x000000060f503440,0x0000000672d80000)
 Metaspace       used 222159K, capacity 224717K, committed 224920K, reserved 1241088K
  class space    used 32180K, capacity 32848K, committed 32920K, reserved 1048576K
Event: 2927.930 GC heap after
Heap after GC invocations=357 (full 8):
 PSYoungGen      total 656896K, used 22907K [0x0000000715580000, 0x0000000740000000, 0x00000007c0000000)
  eden space 615424K, 0% used [0x0000000715580000,0x0000000715580000,0x000000073ae80000)
  from space 41472K, 55% used [0x000000073ae80000,0x000000073c4ded70,0x000000073d700000)
  to   space 39936K, 0% used [0x000000073d900000,0x000000073d900000,0x0000000740000000)
 ParOldGen       total 2930176K, used 1299549K [0x00000005c0000000, 0x0000000672d80000, 0x0000000715580000)
  object space 2930176K, 44% used [0x00000005c0000000,0x000000060f517440,0x0000000672d80000)
 Metaspace       used 222159K, capacity 224717K, committed 224920K, reserved 1241088K
  class space    used 32180K, capacity 32848K, committed 32920K, reserved 1048576K
}
Event: 2930.966 GC heap before
{Heap before GC invocations=358 (full 8):
 PSYoungGen      total 656896K, used 638331K [0x0000000715580000, 0x0000000740000000, 0x00000007c0000000)
  eden space 615424K, 100% used [0x0000000715580000,0x000000073ae80000,0x000000073ae80000)
  from space 41472K, 55% used [0x000000073ae80000,0x000000073c4ded70,0x000000073d700000)
  to   space 39936K, 0% used [0x000000073d900000,0x000000073d900000,0x0000000740000000)
 ParOldGen       total 2930176K, used 1299549K [0x00000005c0000000, 0x0000000672d80000, 0x0000000715580000)
  object space 2930176K, 44% used [0x00000005c0000000,0x000000060f517440,0x0000000672d80000)
 Metaspace       used 222159K, capacity 224717K, committed 224920K, reserved 1241088K
  class space    used 32180K, capacity 32848K, committed 32920K, reserved 1048576K
Event: 2930.985 GC heap after
Heap after GC invocations=358 (full 8):
 PSYoungGen      total 659456K, used 18109K [0x0000000715580000, 0x0000000740000000, 0x00000007c0000000)
  eden space 619520K, 0% used [0x0000000715580000,0x0000000715580000,0x000000073b280000)
  from space 39936K, 45% used [0x000000073d900000,0x000000073eaaf660,0x0000000740000000)
  to   space 39424K, 0% used [0x000000073b280000,0x000000073b280000,0x000000073d900000)
 ParOldGen       total 2930176K, used 1300189K [0x00000005c0000000, 0x0000000672d80000, 0x0000000715580000)
  object space 2930176K, 44% used [0x00000005c0000000,0x000000060f5b7460,0x0000000672d80000)
 Metaspace       used 222159K, capacity 224717K, committed 224920K, reserved 1241088K
  class space    used 32180K, capacity 32848K, committed 32920K, reserved 1048576K
}
Event: 2935.415 GC heap before
{Heap before GC invocations=359 (full 8):
 PSYoungGen      total 659456K, used 637629K [0x0000000715580000, 0x0000000740000000, 0x00000007c0000000)
  eden space 619520K, 100% used [0x0000000715580000,0x000000073b280000,0x000000073b280000)
  from space 39936K, 45% used [0x000000073d900000,0x000000073eaaf660,0x0000000740000000)
  to   space 39424K, 0% used [0x000000073b280000,0x000000073b280000,0x000000073d900000)
 ParOldGen       total 2930176K, used 1300189K [0x00000005c0000000, 0x0000000672d80000, 0x0000000715580000)
  object space 2930176K, 44% used [0x00000005c0000000,0x000000060f5b7460,0x0000000672d80000)
 Metaspace       used 222162K, capacity 224717K, committed 224920K, reserved 1241088K
  class space    used 32180K, capacity 32848K, committed 32920K, reserved 1048576K
Event: 2935.430 GC heap after
Heap after GC invocations=359 (full 8):
 PSYoungGen      total 658944K, used 17296K [0x0000000715580000, 0x0000000740000000, 0x00000007c0000000)
  eden space 619520K, 0% used [0x0000000715580000,0x0000000715580000,0x000000073b280000)
  from space 39424K, 43% used [0x000000073b280000,0x000000073c364338,0x000000073d900000)
  to   space 38912K, 0% used [0x000000073da00000,0x000000073da00000,0x0000000740000000)
 ParOldGen       total 2930176K, used 1300963K [0x00000005c0000000, 0x0000000672d80000, 0x0000000715580000)
  object space 2930176K, 44% used [0x00000005c0000000,0x000000060f678f48,0x0000000672d80000)
 Metaspace       used 222162K, capacity 224717K, committed 224920K, reserved 1241088K
  class space    used 32180K, capacity 32848K, committed 32920K, reserved 1048576K
}

