# JRE version: Java(TM) SE Runtime Environment (8.0_91-b15) (build 1.8.0_91-b15)
# Java VM: Java HotSpot(TM) 64-Bit Server VM (25.91-b15 mixed mode windows-amd64 compressed oops)
Heap:
 PSYoungGen      total 660480K, used 269963K [0x0000000715580000, 0x0000000740000000, 0x00000007c0000000)
  eden space 623104K, 40% used [0x0000000715580000,0x0000000724eed138,0x000000073b600000)
  from space 37376K, 38% used [0x000000073db80000,0x000000073e9b5b30,0x0000000740000000)
  to   space 37888K, 0% used [0x000000073b600000,0x000000073b600000,0x000000073db00000)
 ParOldGen       total 3070464K, used 886264K [0x00000005c0000000, 0x000000067b680000, 0x0000000715580000)
  object space 3070464K, 28% used [0x00000005c0000000,0x00000005f617e080,0x000000067b680000)
 Metaspace       used 215492K, capacity 217429K, committed 218280K, reserved 1234944K
  class space    used 31613K, capacity 32172K, committed 32176K, reserved 1048576K
GC Heap History (10 events):
Event: 1588.984 GC heap before
{Heap before GC invocations=142 (full 8):
 PSYoungGen      total 659456K, used 647713K [0x0000000715580000, 0x0000000740000000, 0x00000007c0000000)
  eden space 620032K, 100% used [0x0000000715580000,0x000000073b300000,0x000000073b300000)
  from space 39424K, 70% used [0x000000073b300000,0x000000073ce08450,0x000000073d980000)
  to   space 38912K, 0% used [0x000000073da00000,0x000000073da00000,0x0000000740000000)
 ParOldGen       total 3070464K, used 872170K [0x00000005c0000000, 0x000000067b680000, 0x0000000715580000)
  object space 3070464K, 28% used [0x00000005c0000000,0x00000005f53ba890,0x000000067b680000)
 Metaspace       used 215212K, capacity 217173K, committed 218024K, reserved 1234944K
  class space    used 31587K, capacity 32172K, committed 32176K, reserved 1048576K
Event: 1589.009 GC heap after
Heap after GC invocations=142 (full 8):
 PSYoungGen      total 660480K, used 27997K [0x0000000715580000, 0x0000000740000000, 0x00000007c0000000)
  eden space 621568K, 0% used [0x0000000715580000,0x0000000715580000,0x000000073b480000)
  from space 38912K, 71% used [0x000000073da00000,0x000000073f5577c0,0x0000000740000000)
  to   space 38400K, 0% used [0x000000073b480000,0x000000073b480000,0x000000073da00000)
 ParOldGen       total 3070464K, used 872194K [0x00000005c0000000, 0x000000067b680000, 0x0000000715580000)
  object space 3070464K, 28% used [0x00000005c0000000,0x00000005f53c0890,0x000000067b680000)
 Metaspace       used 215212K, capacity 217173K, committed 218024K, reserved 1234944K
  class space    used 31587K, capacity 32172K, committed 32176K, reserved 1048576K
}
Event: 1596.545 GC heap before
{Heap before GC invocations=143 (full 8):
 PSYoungGen      total 660480K, used 649565K [0x0000000715580000, 0x0000000740000000, 0x00000007c0000000)
  eden space 621568K, 100% used [0x0000000715580000,0x000000073b480000,0x000000073b480000)
  from space 38912K, 71% used [0x000000073da00000,0x000000073f5577c0,0x0000000740000000)
  to   space 38400K, 0% used [0x000000073b480000,0x000000073b480000,0x000000073da00000)
 ParOldGen       total 3070464K, used 872194K [0x00000005c0000000, 0x000000067b680000, 0x0000000715580000)
  object space 3070464K, 28% used [0x00000005c0000000,0x00000005f53c0890,0x000000067b680000)
 Metaspace       used 215223K, capacity 217173K, committed 218024K, reserved 1234944K
  class space    used 31587K, capacity 32172K, committed 32176K, reserved 1048576K
Event: 1596.569 GC heap after
Heap after GC invocations=143 (full 8):
 PSYoungGen      total 659968K, used 23315K [0x0000000715580000, 0x0000000740000000, 0x00000007c0000000)
  eden space 621568K, 0% used [0x0000000715580000,0x0000000715580000,0x000000073b480000)
  from space 38400K, 60% used [0x000000073b480000,0x000000073cb44fb0,0x000000073da00000)
  to   space 37376K, 0% used [0x000000073db80000,0x000000073db80000,0x0000000740000000)
 ParOldGen       total 3070464K, used 880826K [0x00000005c0000000, 0x000000067b680000, 0x0000000715580000)
  object space 3070464K, 28% used [0x00000005c0000000,0x00000005f5c2e890,0x000000067b680000)
 Metaspace       used 215223K, capacity 217173K, committed 218024K, reserved 1234944K
  class space    used 31587K, capacity 32172K, committed 32176K, reserved 1048576K
}
Event: 1600.139 GC heap before
{Heap before GC invocations=144 (full 8):
 PSYoungGen      total 659968K, used 644883K [0x0000000715580000, 0x0000000740000000, 0x00000007c0000000)
  eden space 621568K, 100% used [0x0000000715580000,0x000000073b480000,0x000000073b480000)
  from space 38400K, 60% used [0x000000073b480000,0x000000073cb44fb0,0x000000073da00000)
  to   space 37376K, 0% used [0x000000073db80000,0x000000073db80000,0x0000000740000000)
 ParOldGen       total 3070464K, used 880826K [0x00000005c0000000, 0x000000067b680000, 0x0000000715580000)
  object space 3070464K, 28% used [0x00000005c0000000,0x00000005f5c2e890,0x000000067b680000)
 Metaspace       used 215225K, capacity 217173K, committed 218024K, reserved 1234944K
  class space    used 31587K, capacity 32172K, committed 32176K, reserved 1048576K
Event: 1600.164 GC heap after
Heap after GC invocations=144 (full 8):
 PSYoungGen      total 662016K, used 23286K [0x0000000715580000, 0x0000000740000000, 0x00000007c0000000)
  eden space 624640K, 0% used [0x0000000715580000,0x0000000715580000,0x000000073b780000)
  from space 37376K, 62% used [0x000000073db80000,0x000000073f23daf0,0x0000000740000000)
  to   space 36864K, 0% used [0x000000073b780000,0x000000073b780000,0x000000073db80000)
 ParOldGen       total 3070464K, used 881970K [0x00000005c0000000, 0x000000067b680000, 0x0000000715580000)
  object space 3070464K, 28% used [0x00000005c0000000,0x00000005f5d4c800,0x000000067b680000)
 Metaspace       used 215225K, capacity 217173K, committed 218024K, reserved 1234944K
  class space    used 31587K, capacity 32172K, committed 32176K, reserved 1048576K
}
Event: 1602.887 GC heap before
{Heap before GC invocations=145 (full 8):
 PSYoungGen      total 662016K, used 647926K [0x0000000715580000, 0x0000000740000000, 0x00000007c0000000)
  eden space 624640K, 100% used [0x0000000715580000,0x000000073b780000,0x000000073b780000)
  from space 37376K, 62% used [0x000000073db80000,0x000000073f23daf0,0x0000000740000000)
  to   space 36864K, 0% used [0x000000073b780000,0x000000073b780000,0x000000073db80000)
 ParOldGen       total 3070464K, used 881970K [0x00000005c0000000, 0x000000067b680000, 0x0000000715580000)
  object space 3070464K, 28% used [0x00000005c0000000,0x00000005f5d4c800,0x000000067b680000)
 Metaspace       used 215434K, capacity 217365K, committed 218280K, reserved 1234944K
  class space    used 31607K, capacity 32172K, committed 32176K, reserved 1048576K
Event: 1602.908 GC heap after
Heap after GC invocations=145 (full 8):
 PSYoungGen      total 661504K, used 15430K [0x0000000715580000, 0x0000000740000000, 0x00000007c0000000)
  eden space 624640K, 0% used [0x0000000715580000,0x0000000715580000,0x000000073b780000)
  from space 36864K, 41% used [0x000000073b780000,0x000000073c691ba0,0x000000073db80000)
  to   space 37376K, 0% used [0x000000073db80000,0x000000073db80000,0x0000000740000000)
 ParOldGen       total 3070464K, used 885390K [0x00000005c0000000, 0x000000067b680000, 0x0000000715580000)
  object space 3070464K, 28% used [0x00000005c0000000,0x00000005f60a3810,0x000000067b680000)
 Metaspace       used 215434K, capacity 217365K, committed 218280K, reserved 1234944K
  class space    used 31607K, capacity 32172K, committed 32176K, reserved 1048576K
}
Event: 1607.005 GC heap before
{Heap before GC invocations=146 (full 8):
 PSYoungGen      total 661504K, used 640070K [0x0000000715580000, 0x0000000740000000, 0x00000007c0000000)
  eden space 624640K, 100% used [0x0000000715580000,0x000000073b780000,0x000000073b780000)
  from space 36864K, 41% used [0x000000073b780000,0x000000073c691ba0,0x000000073db80000)
  to   space 37376K, 0% used [0x000000073db80000,0x000000073db80000,0x0000000740000000)
 ParOldGen       total 3070464K, used 885390K [0x00000005c0000000, 0x000000067b680000, 0x0000000715580000)
  object space 3070464K, 28% used [0x00000005c0000000,0x00000005f60a3810,0x000000067b680000)
 Metaspace       used 215439K, capacity 217365K, committed 218280K, reserved 1234944K
  class space    used 31607K, capacity 32172K, committed 32176K, reserved 1048576K
Event: 1607.019 GC heap after
Heap after GC invocations=146 (full 8):
 PSYoungGen      total 660480K, used 14550K [0x0000000715580000, 0x0000000740000000, 0x00000007c0000000)
  eden space 623104K, 0% used [0x0000000715580000,0x0000000715580000,0x000000073b600000)
  from space 37376K, 38% used [0x000000073db80000,0x000000073e9b5b30,0x0000000740000000)
  to   space 37888K, 0% used [0x000000073b600000,0x000000073b600000,0x000000073db00000)
 ParOldGen       total 3070464K, used 886264K [0x00000005c0000000, 0x000000067b680000, 0x0000000715580000)
  object space 3070464K, 28% used [0x00000005c0000000,0x00000005f617e080,0x000000067b680000)
 Metaspace       used 215439K, capacity 217365K, committed 218280K, reserved 1234944K
  class space    used 31607K, capacity 32172K, committed 32176K, reserved 1048576K
}

